<?xml version="1.0" encoding="UTF-8"?>
<testng-results ignored="0" total="3" passed="3" failed="0" skipped="0">
  <reporter-output>
  </reporter-output>
  <suite started-at="2023-07-08T12:48:23 IST" name="Suite" finished-at="2023-07-08T12:48:26 IST" duration-ms="3131">
    <groups>
      <group name="cucumber">
        <method signature="AbstractTestNGCucumberTests.runScenario(io.cucumber.testng.PickleWrapper,io.cucumber.testng.FeatureWrapper)[pri:0, instance:tests.Runner1@3e84448c]" name="runScenario" class="io.cucumber.testng.AbstractTestNGCucumberTests"/>
      </group> <!-- cucumber -->
    </groups>
    <test started-at="2023-07-08T12:48:23 IST" name="Test" finished-at="2023-07-08T12:48:26 IST" duration-ms="3131">
      <class name="tests.Runner1">
        <test-method is-config="true" signature="setUpClass(org.testng.ITestContext)[pri:0, instance:tests.Runner1@3e84448c]" started-at="2023-07-08T12:48:23 IST" name="setUpClass" finished-at="2023-07-08T12:48:23 IST" duration-ms="482" status="PASS">
          <params>
            <param index="0">
              <value>
                <![CDATA[org.testng.TestRunner@4cc8d70d]]>
              </value>
            </param>
          </params>
          <reporter-output>
          </reporter-output>
        </test-method> <!-- setUpClass -->
        <test-method signature="runScenario(io.cucumber.testng.PickleWrapper,io.cucumber.testng.FeatureWrapper)[pri:0, instance:tests.Runner1@3e84448c]" started-at="2023-07-08T12:48:23 IST" name="runScenario" description="Runs Cucumber Scenarios" data-provider="scenarios" finished-at="2023-07-08T12:48:25 IST" duration-ms="1687" status="PASS">
          <params>
            <param index="0">
              <value>
                <![CDATA["get all posts"]]>
              </value>
            </param>
            <param index="1">
              <value>
                <![CDATA["Optional[get user posts]"]]>
              </value>
            </param>
          </params>
          <reporter-output>
          </reporter-output>
        </test-method> <!-- runScenario -->
        <test-method signature="runScenario(io.cucumber.testng.PickleWrapper,io.cucumber.testng.FeatureWrapper)[pri:0, instance:tests.Runner1@3e84448c]" started-at="2023-07-08T12:48:25 IST" name="runScenario" description="Runs Cucumber Scenarios" data-provider="scenarios" finished-at="2023-07-08T12:48:25 IST" duration-ms="288" status="PASS">
          <params>
            <param index="0">
              <value>
                <![CDATA["get specific post"]]>
              </value>
            </param>
            <param index="1">
              <value>
                <![CDATA["Optional[get user posts]"]]>
              </value>
            </param>
          </params>
          <reporter-output>
          </reporter-output>
        </test-method> <!-- runScenario -->
        <test-method signature="runScenario(io.cucumber.testng.PickleWrapper,io.cucumber.testng.FeatureWrapper)[pri:0, instance:tests.Runner1@3e84448c]" started-at="2023-07-08T12:48:25 IST" name="runScenario" description="Runs Cucumber Scenarios" data-provider="scenarios" finished-at="2023-07-08T12:48:26 IST" duration-ms="597" status="PASS">
          <params>
            <param index="0">
              <value>
                <![CDATA["create a new post"]]>
              </value>
            </param>
            <param index="1">
              <value>
                <![CDATA["Optional[get posts and posts creation]"]]>
              </value>
            </param>
          </params>
          <reporter-output>
          </reporter-output>
        </test-method> <!-- runScenario -->
        <test-method is-config="true" signature="tearDownClass()[pri:0, instance:tests.Runner1@3e84448c]" started-at="2023-07-08T12:48:26 IST" name="tearDownClass" finished-at="2023-07-08T12:48:26 IST" duration-ms="50" status="PASS">
          <reporter-output>
          </reporter-output>
        </test-method> <!-- tearDownClass -->
      </class> <!-- tests.Runner1 -->
    </test> <!-- Test -->
  </suite> <!-- Suite -->
</testng-results>
