<?xml version="1.0" encoding="UTF-8"?>
<testng-results ignored="0" total="1" passed="1" failed="0" skipped="0">
  <reporter-output>
  </reporter-output>
  <suite started-at="2023-07-08T11:30:14 IST" name="Default suite" finished-at="2023-07-08T11:30:16 IST" duration-ms="2258">
    <groups>
      <group name="cucumber">
        <method signature="AbstractTestNGCucumberTests.runScenario(io.cucumber.testng.PickleWrapper,io.cucumber.testng.FeatureWrapper)[pri:0, instance:tests.Runner3@5c7933ad]" name="runScenario" class="io.cucumber.testng.AbstractTestNGCucumberTests"/>
      </group> <!-- cucumber -->
    </groups>
    <test started-at="2023-07-08T11:30:14 IST" name="Default test" finished-at="2023-07-08T11:30:16 IST" duration-ms="2258">
      <class name="tests.Runner3">
        <test-method is-config="true" signature="setUpClass(org.testng.ITestContext)[pri:0, instance:tests.Runner3@5c7933ad]" started-at="2023-07-08T11:30:14 IST" name="setUpClass" finished-at="2023-07-08T11:30:15 IST" duration-ms="521" status="PASS">
          <params>
            <param index="0">
              <value>
                <![CDATA[org.testng.TestRunner@15214920]]>
              </value>
            </param>
          </params>
          <reporter-output>
          </reporter-output>
        </test-method> <!-- setUpClass -->
        <test-method signature="runScenario(io.cucumber.testng.PickleWrapper,io.cucumber.testng.FeatureWrapper)[pri:0, instance:tests.Runner3@5c7933ad]" started-at="2023-07-08T11:30:15 IST" name="runScenario" description="Runs Cucumber Scenarios" data-provider="scenarios" finished-at="2023-07-08T11:30:16 IST" duration-ms="1654" status="PASS">
          <params>
            <param index="0">
              <value>
                <![CDATA["get all posts"]]>
              </value>
            </param>
            <param index="1">
              <value>
                <![CDATA["Optional[get user posts]"]]>
              </value>
            </param>
          </params>
          <reporter-output>
          </reporter-output>
        </test-method> <!-- runScenario -->
        <test-method is-config="true" signature="tearDownClass()[pri:0, instance:tests.Runner3@5c7933ad]" started-at="2023-07-08T11:30:16 IST" name="tearDownClass" finished-at="2023-07-08T11:30:16 IST" duration-ms="35" status="PASS">
          <reporter-output>
          </reporter-output>
        </test-method> <!-- tearDownClass -->
      </class> <!-- tests.Runner3 -->
    </test> <!-- Default test -->
  </suite> <!-- Default suite -->
</testng-results>
