<?xml version="1.0" encoding="UTF-8"?>
<!-- Generated by org.testng.reporters.JUnitReportReporter -->
<testsuite skipped="0" hostname="KALAMSIR-PC" name="tests.NewTest1" tests="1" failures="1" timestamp="2021-01-27T17:00:15 IST" time="2.730" errors="0">
  <testcase name="runScenario" time="2.730" classname="tests.NewTest1">
    <failure type="java.lang.AssertionError" message="expected [true] but found [false]">
      <![CDATA[java.lang.AssertionError: expected [true] but found [false]
at org.testng.Assert.fail(Assert.java:97)
at org.testng.Assert.failNotEquals(Assert.java:969)
at org.testng.Assert.assertTrue(Assert.java:43)
at org.testng.Assert.assertTrue(Assert.java:53)
at glue.Stepdefs2.method4(Stepdefs2.java:37)
at ✽.status code is "201" and content type is "application/json"(file:///E:/apibatch2/org.magnitia11.restapibddpicotestng/src/test/resources/features/feature1.feature:7)
]]>
    </failure>
  </testcase> <!-- runScenario -->
  <system-out/>
</testsuite> <!-- tests.NewTest1 -->
